[Parent] total_jobs=5 parallel=5 reuse_page=True
[Parent] buckets=5 desired_size=1
[Parent] Using ThreadPoolExecutor (workers=5)
[Parent] Scheduling (thread) bucket 1/5 size=1 first_idx=1
[Parent] Scheduling (thread) bucket 2/5 size=1 first_idx=2
[Parent] Scheduling (thread) bucket 3/5 size=1 first_idx=3
[Parent] Scheduling (thread) bucket 4/5 size=1 first_idx=4
[Parent] Scheduling (thread) bucket 5/5 size=1 first_idx=5
[Parent] 5 thread-futures scheduled
[Parent] Thread future done: ok=1 fail=0 items=0
[Parent] Thread future done: ok=1 fail=0 items=0
[Parent] Thread future done: ok=1 fail=0 items=0
[Parent] Thread future done: ok=1 fail=0 items=0
[Parent] Thread future done: ok=1 fail=0 items=0

[REPORT] resultados\03-10-2025_smoke\batch_report.json — jobs=5 ok=5 fail=0 items=0
[Parent] total_jobs=5 parallel=5 reuse_page=True
[Parent] buckets=3 desired_size=2
[Parent] Using ThreadPoolExecutor (workers=5)
[Parent] Scheduling (thread) bucket 1/3 size=2 first_idx=1
[Parent] Scheduling (thread) bucket 2/3 size=2 first_idx=3
[Parent] Scheduling (thread) bucket 3/3 size=1 first_idx=5
[Parent] 3 thread-futures scheduled
[Parent] Thread future done: ok=1 fail=0 items=0
[Parent] Thread future done: ok=1 fail=1 items=0
[Parent] Thread future done: ok=1 fail=1 items=0

[REPORT] resultados\03-10-2025_smoke\batch_report.json — jobs=5 ok=3 fail=2 items=0
[Parent] total_jobs=5 parallel=5 reuse_page=True
[Parent] buckets=3 desired_size=2
[Parent] Using ThreadPoolExecutor (workers=5)
[Parent] Scheduling (thread) bucket 1/3 size=2 first_idx=1
[Parent] Scheduling (thread) bucket 2/3 size=2 first_idx=3
[Parent] Scheduling (thread) bucket 3/3 size=1 first_idx=5
[Parent] 3 thread-futures scheduled
[Parent] Thread future done: ok=1 fail=0 items=0
[Parent] Thread future done: ok=1 fail=1 items=0
[Parent] Thread future done: ok=1 fail=1 items=0

[REPORT] resultados\03-10-2025_smoke\batch_report.json — jobs=5 ok=3 fail=2 items=0
[Parent] total_jobs=5 parallel=5 reuse_page=True
[Parent] buckets=3 desired_size=2
[Parent] Using ThreadPoolExecutor (workers=5)
[Parent] Scheduling (thread) bucket 1/3 size=2 first_idx=1
[Parent] Scheduling (thread) bucket 2/3 size=2 first_idx=3
[Parent] Scheduling (thread) bucket 3/3 size=1 first_idx=5
[Parent] 3 thread-futures scheduled
[Parent] Thread future done: ok=1 fail=0 items=0
[Parent] Thread future done: ok=1 fail=1 items=0
[Parent] Thread future done: ok=1 fail=1 items=0

[REPORT] resultados\03-10-2025_smoke\batch_report.json — jobs=5 ok=3 fail=2 items=0
