[2025-12-01 14:00:22] ERROR asyncio: Future exception was never retrieved
future: <Future finished exception=PermissionError(13, 'Access is denied', None, 5, None)>
Traceback (most recent call last):
  File "<string>", line 16, in <module>
  File "C:\Users\RSCARINC\AppData\Roaming\Python\Python312\site-packages\playwright\sync_api\_context_manager.py", line 77, in __enter__
    dispatcher_fiber.switch()
  File "C:\Users\RSCARINC\AppData\Roaming\Python\Python312\site-packages\playwright\sync_api\_context_manager.py", line 56, in greenlet_main
    self._loop.run_until_complete(self._connection.run_as_sync())
  File "C:\Users\RSCARINC\AppData\Local\Programs\Python\Python312\Lib\asyncio\base_events.py", line 687, in run_until_complete
    return future.result()
           ^^^^^^^^^^^^^^^
  File "C:\Users\RSCARINC\AppData\Roaming\Python\Python312\site-packages\playwright\_impl\_connection.py", line 263, in run_as_sync
    await self.run()
  File "C:\Users\RSCARINC\AppData\Roaming\Python\Python312\site-packages\playwright\_impl\_connection.py", line 272, in run
    await self._transport.connect()
  File "C:\Users\RSCARINC\AppData\Roaming\Python\Python312\site-packages\playwright\_impl\_transport.py", line 133, in connect
    raise exc
  File "C:\Users\RSCARINC\AppData\Roaming\Python\Python312\site-packages\playwright\_impl\_transport.py", line 120, in connect
    self._proc = await asyncio.create_subprocess_exec(
                 ^^^^^^^^^^^^^^^^^^^^^^^^^^^^^^^^^^^^^
  File "C:\Users\RSCARINC\AppData\Local\Programs\Python\Python312\Lib\asyncio\subprocess.py", line 224, in create_subprocess_exec
    transport, protocol = await loop.subprocess_exec(
                          ^^^^^^^^^^^^^^^^^^^^^^^^^^^
  File "C:\Users\RSCARINC\AppData\Local\Programs\Python\Python312\Lib\asyncio\base_events.py", line 1743, in subprocess_exec
    transport = await self._make_subprocess_transport(
                ^^^^^^^^^^^^^^^^^^^^^^^^^^^^^^^^^^^^^^
  File "C:\Users\RSCARINC\AppData\Local\Programs\Python\Python312\Lib\asyncio\windows_events.py", line 400, in _make_subprocess_transport
    transp = _WindowsSubprocessTransport(self, protocol, args, shell,
             ^^^^^^^^^^^^^^^^^^^^^^^^^^^^^^^^^^^^^^^^^^^^^^^^^^^^^^^^
  File "C:\Users\RSCARINC\AppData\Local\Programs\Python\Python312\Lib\asyncio\base_subprocess.py", line 36, in __init__
    self._start(args=args, shell=shell, stdin=stdin, stdout=stdout,
  File "C:\Users\RSCARINC\AppData\Local\Programs\Python\Python312\Lib\asyncio\windows_events.py", line 878, in _start
    self._proc = windows_utils.Popen(
                 ^^^^^^^^^^^^^^^^^^^^
  File "C:\Users\RSCARINC\AppData\Local\Programs\Python\Python312\Lib\asyncio\windows_utils.py", line 153, in __init__
    super().__init__(args, stdin=stdin_rfd, stdout=stdout_wfd,
  File "C:\Users\RSCARINC\AppData\Local\Programs\Python\Python312\Lib\subprocess.py", line 1026, in __init__
    self._execute_child(args, executable, preexec_fn, close_fds,
  File "C:\Users\RSCARINC\AppData\Local\Programs\Python\Python312\Lib\subprocess.py", line 1538, in _execute_child
    hp, ht, pid, tid = _winapi.CreateProcess(executable, args,
                       ^^^^^^^^^^^^^^^^^^^^^^^^^^^^^^^^^^^^^^^
PermissionError: [WinError 5] Access is denied
[2025-12-01 14:02:40] ERROR asyncio: Future exception was never retrieved
future: <Future finished exception=PermissionError(13, 'Access is denied', None, 5, None)>
Traceback (most recent call last):
  File "<string>", line 18, in <module>
  File "C:\Users\RSCARINC\AppData\Roaming\Python\Python312\site-packages\playwright\sync_api\_context_manager.py", line 77, in __enter__
    dispatcher_fiber.switch()
  File "C:\Users\RSCARINC\AppData\Roaming\Python\Python312\site-packages\playwright\sync_api\_context_manager.py", line 56, in greenlet_main
    self._loop.run_until_complete(self._connection.run_as_sync())
  File "C:\Users\RSCARINC\AppData\Local\Programs\Python\Python312\Lib\asyncio\base_events.py", line 687, in run_until_complete
    return future.result()
           ^^^^^^^^^^^^^^^
  File "C:\Users\RSCARINC\AppData\Roaming\Python\Python312\site-packages\playwright\_impl\_connection.py", line 263, in run_as_sync
    await self.run()
  File "C:\Users\RSCARINC\AppData\Roaming\Python\Python312\site-packages\playwright\_impl\_connection.py", line 272, in run
    await self._transport.connect()
  File "C:\Users\RSCARINC\AppData\Roaming\Python\Python312\site-packages\playwright\_impl\_transport.py", line 133, in connect
    raise exc
  File "C:\Users\RSCARINC\AppData\Roaming\Python\Python312\site-packages\playwright\_impl\_transport.py", line 120, in connect
    self._proc = await asyncio.create_subprocess_exec(
                 ^^^^^^^^^^^^^^^^^^^^^^^^^^^^^^^^^^^^^
  File "C:\Users\RSCARINC\AppData\Local\Programs\Python\Python312\Lib\asyncio\subprocess.py", line 224, in create_subprocess_exec
    transport, protocol = await loop.subprocess_exec(
                          ^^^^^^^^^^^^^^^^^^^^^^^^^^^
  File "C:\Users\RSCARINC\AppData\Local\Programs\Python\Python312\Lib\asyncio\base_events.py", line 1743, in subprocess_exec
    transport = await self._make_subprocess_transport(
                ^^^^^^^^^^^^^^^^^^^^^^^^^^^^^^^^^^^^^^
  File "C:\Users\RSCARINC\AppData\Local\Programs\Python\Python312\Lib\asyncio\windows_events.py", line 400, in _make_subprocess_transport
    transp = _WindowsSubprocessTransport(self, protocol, args, shell,
             ^^^^^^^^^^^^^^^^^^^^^^^^^^^^^^^^^^^^^^^^^^^^^^^^^^^^^^^^
  File "C:\Users\RSCARINC\AppData\Local\Programs\Python\Python312\Lib\asyncio\base_subprocess.py", line 36, in __init__
    self._start(args=args, shell=shell, stdin=stdin, stdout=stdout,
  File "C:\Users\RSCARINC\AppData\Local\Programs\Python\Python312\Lib\asyncio\windows_events.py", line 878, in _start
    self._proc = windows_utils.Popen(
                 ^^^^^^^^^^^^^^^^^^^^
  File "C:\Users\RSCARINC\AppData\Local\Programs\Python\Python312\Lib\asyncio\windows_utils.py", line 153, in __init__
    super().__init__(args, stdin=stdin_rfd, stdout=stdout_wfd,
  File "C:\Users\RSCARINC\AppData\Local\Programs\Python\Python312\Lib\subprocess.py", line 1026, in __init__
    self._execute_child(args, executable, preexec_fn, close_fds,
  File "C:\Users\RSCARINC\AppData\Local\Programs\Python\Python312\Lib\subprocess.py", line 1538, in _execute_child
    hp, ht, pid, tid = _winapi.CreateProcess(executable, args,
                       ^^^^^^^^^^^^^^^^^^^^^^^^^^^^^^^^^^^^^^^
PermissionError: [WinError 5] Access is denied
[2025-12-01 14:05:37] ERROR asyncio: Future exception was never retrieved
future: <Future finished exception=PermissionError(13, 'Access is denied', None, 5, None)>
Traceback (most recent call last):
  File "<string>", line 18, in <module>
  File "C:\Users\RSCARINC\AppData\Roaming\Python\Python312\site-packages\playwright\sync_api\_context_manager.py", line 77, in __enter__
    dispatcher_fiber.switch()
  File "C:\Users\RSCARINC\AppData\Roaming\Python\Python312\site-packages\playwright\sync_api\_context_manager.py", line 56, in greenlet_main
    self._loop.run_until_complete(self._connection.run_as_sync())
  File "C:\Users\RSCARINC\AppData\Local\Programs\Python\Python312\Lib\asyncio\base_events.py", line 687, in run_until_complete
    return future.result()
           ^^^^^^^^^^^^^^^
  File "C:\Users\RSCARINC\AppData\Roaming\Python\Python312\site-packages\playwright\_impl\_connection.py", line 263, in run_as_sync
    await self.run()
  File "C:\Users\RSCARINC\AppData\Roaming\Python\Python312\site-packages\playwright\_impl\_connection.py", line 272, in run
    await self._transport.connect()
  File "C:\Users\RSCARINC\AppData\Roaming\Python\Python312\site-packages\playwright\_impl\_transport.py", line 133, in connect
    raise exc
  File "C:\Users\RSCARINC\AppData\Roaming\Python\Python312\site-packages\playwright\_impl\_transport.py", line 120, in connect
    self._proc = await asyncio.create_subprocess_exec(
                 ^^^^^^^^^^^^^^^^^^^^^^^^^^^^^^^^^^^^^
  File "C:\Users\RSCARINC\AppData\Local\Programs\Python\Python312\Lib\asyncio\subprocess.py", line 224, in create_subprocess_exec
    transport, protocol = await loop.subprocess_exec(
                          ^^^^^^^^^^^^^^^^^^^^^^^^^^^
  File "C:\Users\RSCARINC\AppData\Local\Programs\Python\Python312\Lib\asyncio\base_events.py", line 1743, in subprocess_exec
    transport = await self._make_subprocess_transport(
                ^^^^^^^^^^^^^^^^^^^^^^^^^^^^^^^^^^^^^^
  File "C:\Users\RSCARINC\AppData\Local\Programs\Python\Python312\Lib\asyncio\windows_events.py", line 400, in _make_subprocess_transport
    transp = _WindowsSubprocessTransport(self, protocol, args, shell,
             ^^^^^^^^^^^^^^^^^^^^^^^^^^^^^^^^^^^^^^^^^^^^^^^^^^^^^^^^
  File "C:\Users\RSCARINC\AppData\Local\Programs\Python\Python312\Lib\asyncio\base_subprocess.py", line 36, in __init__
    self._start(args=args, shell=shell, stdin=stdin, stdout=stdout,
  File "C:\Users\RSCARINC\AppData\Local\Programs\Python\Python312\Lib\asyncio\windows_events.py", line 878, in _start
    self._proc = windows_utils.Popen(
                 ^^^^^^^^^^^^^^^^^^^^
  File "C:\Users\RSCARINC\AppData\Local\Programs\Python\Python312\Lib\asyncio\windows_utils.py", line 153, in __init__
    super().__init__(args, stdin=stdin_rfd, stdout=stdout_wfd,
  File "C:\Users\RSCARINC\AppData\Local\Programs\Python\Python312\Lib\subprocess.py", line 1026, in __init__
    self._execute_child(args, executable, preexec_fn, close_fds,
  File "C:\Users\RSCARINC\AppData\Local\Programs\Python\Python312\Lib\subprocess.py", line 1538, in _execute_child
    hp, ht, pid, tid = _winapi.CreateProcess(executable, args,
                       ^^^^^^^^^^^^^^^^^^^^^^^^^^^^^^^^^^^^^^^
PermissionError: [WinError 5] Access is denied
