2025-12-01 10:18:52,452 INFO dou_snaptrack.ui: [N1-SUBPROCESS] Iniciando fetch N1 para secao=DO1 date=01-12-2025
2025-12-01 10:18:52,452 INFO dou_snaptrack.ui: [N1-SUBPROCESS] Executando script em subprocess...
2025-12-01 10:20:04,701 INFO dou_snaptrack.ui: [N1-SUBPROCESS] Subprocess retornou. stderr_len=307
2025-12-01 10:20:04,701 ERROR dou_snaptrack.ui: [N1-SUBPROCESS] Subprocess retornou erro: RuntimeError: Nenhuma opção encontrada no dropdown N1
2025-12-01 10:23:21,164 INFO dou_snaptrack.ui: [N1-SUBPROCESS] Iniciando fetch N1 para secao=DO1 date=01-12-2025
2025-12-01 10:23:21,165 INFO dou_snaptrack.ui: [N1-SUBPROCESS] Executando script em subprocess...
2025-12-01 10:24:25,479 INFO dou_snaptrack.ui: [N1-SUBPROCESS] Subprocess retornou. stderr_len=0
2025-12-01 10:24:25,479 ERROR dou_snaptrack.ui: [N1-SUBPROCESS] Subprocess retornou erro: RuntimeError: Nenhum dropdown N1 detectado
2025-12-01 10:57:39,346 ERROR dou_snaptrack.ui: Erro ao executar eagendas subprocess
Traceback (most recent call last):
  File "C:\Projetos\src\dou_snaptrack\ui\app.py", line 1028, in _eagendas_fetch_hierarchy
    data, stderr = _execute_script_and_read_result(script_content=script_content, timeout=eag_timeout, cwd=cwd_root, extra_env=env)
                   ^^^^^^^^^^^^^^^^^^^^^^^^^^^^^^^^^^^^^^^^^^^^^^^^^^^^^^^^^^^^^^^^^^^^^^^^^^^^^^^^^^^^^^^^^^^^^^^^^^^^^^^^^^^^^^^^
TypeError: _execute_script_and_read_result() got an unexpected keyword argument 'extra_env'
2025-12-01 13:19:57,833 INFO dou_snaptrack.ui.dou_fetch: [N1-SUBPROCESS] Iniciando fetch N1 para secao=DO1 date=01-12-2025
2025-12-01 13:19:57,834 INFO dou_snaptrack.ui.dou_fetch: [N1-SUBPROCESS] Executando script em subprocess...
2025-12-01 13:22:01,889 ERROR dou_snaptrack.ui.dou_fetch: [N1-SUBPROCESS] Timeout!
2025-12-01 13:30:38,223 INFO dou_snaptrack.ui.dou_fetch: [N1-SUBPROCESS] Iniciando fetch N1 para secao=DO1 date=01-12-2025
2025-12-01 13:30:38,223 INFO dou_snaptrack.ui.dou_fetch: [N1-SUBPROCESS] Executando script em subprocess...
2025-12-01 13:32:41,004 ERROR dou_snaptrack.ui.dou_fetch: [N1-SUBPROCESS] Timeout!
2025-12-01 13:58:43,692 INFO dou_snaptrack.ui.dou_fetch: [N1-SUBPROCESS] Iniciando fetch N1 para secao=DO1 date=01-12-2025
2025-12-01 13:58:43,692 INFO dou_snaptrack.ui.dou_fetch: [N1-SUBPROCESS] Executando script sync_playwright em subprocess...
2025-12-01 13:58:59,060 INFO dou_snaptrack.ui.dou_fetch: [N1-SUBPROCESS] Subprocess retornou. returncode=1
2025-12-01 13:58:59,060 ERROR dou_snaptrack.ui.dou_fetch: [N1-SUBPROCESS] Erro: Nenhum dropdown N1 detectado
2025-12-01 14:09:54,143 INFO dou_snaptrack.ui.dou_fetch: [N1-SUBPROCESS] Iniciando fetch N1 para secao=DO1 date=01-12-2025
2025-12-01 14:09:54,144 INFO dou_snaptrack.ui.dou_fetch: [N1-SUBPROCESS] Executando script sync_playwright em subprocess...
2025-12-01 14:10:17,282 INFO dou_snaptrack.ui.dou_fetch: [N1-SUBPROCESS] Subprocess retornou. returncode=0
2025-12-01 14:10:17,283 INFO dou_snaptrack.ui.dou_fetch: [N1-SUBPROCESS] Sucesso! 27 opções retornadas
2025-12-01 14:10:49,019 INFO dou_snaptrack.ui.dou_fetch: [N2-SUBPROCESS] Iniciando fetch N2 para secao=DO1 date=01-12-2025 n1=Ministério Público da União
2025-12-01 14:10:49,021 INFO dou_snaptrack.ui.dou_fetch: [N2-SUBPROCESS] Executando script async_playwright em subprocess...
2025-12-01 14:11:12,437 INFO dou_snaptrack.ui.dou_fetch: [N2-SUBPROCESS] Subprocess retornou. returncode=0
2025-12-01 14:11:12,437 INFO dou_snaptrack.ui.dou_fetch: [N2-SUBPROCESS] Sucesso! 1 opções retornadas
2025-12-02 07:51:54,924 INFO dou_snaptrack.ui.dou_fetch: [N1-SUBPROCESS] Iniciando fetch N1 para secao=DO1 date=02-12-2025
2025-12-02 07:51:54,924 INFO dou_snaptrack.ui.dou_fetch: [N1-SUBPROCESS] Executando script sync_playwright em subprocess...
2025-12-02 07:52:11,919 INFO dou_snaptrack.ui.dou_fetch: [N1-SUBPROCESS] Subprocess retornou. returncode=0
2025-12-02 07:52:11,919 INFO dou_snaptrack.ui.dou_fetch: [N1-SUBPROCESS] Sucesso! 31 opções retornadas
2025-12-02 07:52:16,530 INFO dou_snaptrack.ui.dou_fetch: [N2-SUBPROCESS] Iniciando fetch N2 para secao=DO1 date=02-12-2025 n1=Ministério da Agricultura e Pecuária
2025-12-02 07:52:16,533 INFO dou_snaptrack.ui.dou_fetch: [N2-SUBPROCESS] Executando script async_playwright em subprocess...
2025-12-02 07:52:36,918 INFO dou_snaptrack.ui.dou_fetch: [N2-SUBPROCESS] Subprocess retornou. returncode=0
2025-12-02 07:52:36,918 INFO dou_snaptrack.ui.dou_fetch: [N2-SUBPROCESS] Sucesso! 3 opções retornadas
