2025-11-13T09:51:51 [mgr] Dependências básicas já presentes.
2025-11-13T09:51:52 [mgr] Inicializando UI manager (Port=8501)
2025-11-13T09:51:52 [mgr] Python: C:\Projetos\.venv\Scripts\python.exe
2025-11-13T09:51:52 [mgr] ui.lock presente; deixado intocado para aviso no app.
2025-11-13T09:51:57 [mgr] Usando porta 8501
2025-11-13T09:51:57 [mgr] PLAYWRIGHT_BROWSERS_PATH configurado: C:\Projetos\.venv\pw-browsers
2025-11-13T09:51:57 [mgr] PYTHONPATH set for child: C:\Projetos\src
2025-11-13T09:52:02 [mgr] Porta 8501 disponível
2025-11-13T09:52:02 [mgr] Browser iniciado: C:\Program Files\Google\Chrome\Application\chrome.exe (PID 24332)
2025-11-13T10:09:37 [mgr] Browser encerrado. Terminando Streamlit (PID 44980)
2025-11-13T10:09:38 [mgr] UI manager finalizado.
2025-11-13T10:19:51 [mgr] Pulando instalação: dependências básicas já presentes (cache válida).
2025-11-13T10:19:51 [mgr] Inicializando UI manager (Port=8501)
2025-11-13T10:19:51 [mgr] Python: C:\Projetos\.venv\Scripts\python.exe
2025-11-13T10:19:51 [mgr] ui.lock presente; deixado intocado para aviso no app.
2025-11-13T10:20:01 [mgr] Porta 8501 ocupada (PID=50044); tentando próxima…
2025-11-13T10:20:06 [mgr] Usando porta 8502
2025-11-13T10:20:06 [mgr] PLAYWRIGHT_BROWSERS_PATH configurado: C:\Projetos\.venv\pw-browsers
2025-11-13T10:20:06 [mgr] PYTHONPATH set for child: C:\Projetos\src
2025-11-13T10:20:19 [mgr] Porta 8502 disponível
2025-11-13T10:20:20 [mgr] Browser iniciado: C:\Program Files\Google\Chrome\Application\chrome.exe (PID 45968)
2025-11-13T10:20:27 [mgr] Pulando instalação: dependências básicas já presentes (cache válida).
2025-11-13T10:20:27 [mgr] Inicializando UI manager (Port=8501)
2025-11-13T10:20:27 [mgr] Python: C:\Projetos\.venv\Scripts\python.exe
2025-11-13T10:20:27 [mgr] ui.lock presente; deixado intocado para aviso no app.
2025-11-13T10:20:34 [mgr] Porta 8501 ocupada (PID=50044); tentando próxima…
2025-11-13T10:20:35 [mgr] Porta 8502 ocupada (PID=32152); tentando próxima…
2025-11-13T10:20:38 [mgr] Usando porta 8503
2025-11-13T10:20:38 [mgr] PLAYWRIGHT_BROWSERS_PATH configurado: C:\Projetos\.venv\pw-browsers
2025-11-13T10:20:38 [mgr] PYTHONPATH set for child: C:\Projetos\src
2025-11-13T10:20:42 [mgr] Porta 8503 disponível
2025-11-13T10:20:43 [mgr] Browser iniciado: C:\Program Files\Google\Chrome\Application\chrome.exe (PID 36048)
2025-11-13T10:20:44 [mgr] Browser encerrado. Terminando Streamlit (PID 34004)
2025-11-13T10:20:44 [mgr] UI manager finalizado.
2025-11-13T10:21:02 [mgr] Browser encerrado. Terminando Streamlit (PID 40152)
2025-11-13T10:21:02 [mgr] UI manager finalizado.
2025-11-13T10:21:10 [mgr] Pulando instalação: dependências básicas já presentes (cache válida).
2025-11-13T10:21:10 [mgr] Inicializando UI manager (Port=8501)
2025-11-13T10:21:10 [mgr] Python: C:\Projetos\.venv\Scripts\python.exe
2025-11-13T10:21:10 [mgr] ui.lock presente; deixado intocado para aviso no app.
2025-11-13T10:21:14 [mgr] Porta 8501 ocupada (PID=50044); tentando próxima…
2025-11-13T10:21:16 [mgr] Porta 8502 ocupada (PID=0); tentando próxima…
2025-11-13T10:21:18 [mgr] Porta 8503 ocupada (PID=0); tentando próxima…
2025-11-13T10:21:20 [mgr] Usando porta 8504
2025-11-13T10:21:20 [mgr] PLAYWRIGHT_BROWSERS_PATH configurado: C:\Projetos\.venv\pw-browsers
2025-11-13T10:21:20 [mgr] PYTHONPATH set for child: C:\Projetos\src
2025-11-13T10:21:24 [mgr] Porta 8504 disponível
2025-11-13T10:21:24 [mgr] Browser iniciado: C:\Program Files\Google\Chrome\Application\chrome.exe (PID 16516)
2025-11-13T10:23:11 [mgr] Browser encerrado. Terminando Streamlit (PID 25852)
2025-11-13T10:23:11 [mgr] UI manager finalizado.
