[UI] batch start: cfg=resultados\15-10-2025\_run_cfg.from_ui.json tmp=resultados\15-10-2025\_run_cfg.json out_dir=resultados\15-10-2025 parallel=3 fast_mode=False prefer_edge=True
[UI] opening Playwright context...
[UI] Playwright context opened. Scheduling batch...
[Parent] total_jobs=3 parallel=3 reuse_page=True
[Parent] buckets=2 desired_size=2
[Parent] Using subprocess pool (workers=3)
[Parent] Scheduling (subproc) bucket 1/2 size=2 first_idx=1
[Parent] Scheduling (subproc) bucket 2/2 size=1 first_idx=3
[Parent] 2 subprocesses spawned
[Worker 18472] logging to resultados\15-10-2025\batch_run.log

[PW18472] [Job 1/3] job1: 

[Abrindo] https://www.in.gov.br/leiturajornal?data=15-10-2025&secao=DO1
[EditionRunner] data=15-10-2025 secao=DO1 k1=Atos do Poder Executivo k2=Todos inpage=0 timings: nav=12.3s view=1.5s select=17.2s collect=0.7s total=31.6s
[OK] Links salvos em: resultados\15-10-2025\job1_DO1_15-10-2025_1.json (total=2)
[PW18472] [Job 1] concludo em 36.4s  itens=2

[PW18472] [Job 2/3] job2: 
[EditionRunner] data=15-10-2025 secao=DO1 k1=Presidncia da Repblica k2=Todos inpage=1 timings: nav=0.0s view=0.1s select=16.4s collect=0.6s total=17.1s
[OK] Links salvos em: resultados\15-10-2025\job2_DO1_15-10-2025_2.json (total=4)
[PW18472] [Job 2] concludo em 17.1s  itens=4
[Parent] Subproc done: ok=2 fail=0 items=6
[Worker 24072] logging to resultados\15-10-2025\batch_run.log

[PW24072] [Job 3/3] job3: 

[Abrindo] https://www.in.gov.br/leiturajornal?data=15-10-2025&secao=DO1
[EditionRunner] data=15-10-2025 secao=DO1 k1=Ministrio da Cincia, Tecnologia e Inovao k2=Todos inpage=0 timings: nav=11.9s view=1.4s select=17.1s collect=0.6s total=31.0s
[OK] Links salvos em: resultados\15-10-2025\job3_DO1_15-10-2025_3.json (total=12)
[PW24072] [Job 3] concludo em 35.5s  itens=12
[Parent] Subproc done: ok=1 fail=0 items=12

[REPORT] resultados\15-10-2025\batch_report.json — jobs=3 ok=3 fail=0 items=18
[AGG] 1 arquivo(s) agregado(s) por plano: testeLuiza; removidos 3 JSON(s) individuais
